<?xml version="1.0" encoding="UTF-8"?>
<testng-results skipped="0" failed="0" ignored="0" total="2" passed="2">
  <reporter-output>
  </reporter-output>
  <suite name="Default suite" duration-ms="61372" started-at="2020-02-19T16:42:18 IST" finished-at="2020-02-19T16:43:20 IST">
    <groups>
    </groups>
    <test name="Default test" duration-ms="61372" started-at="2020-02-19T16:42:18 IST" finished-at="2020-02-19T16:43:20 IST">
      <class name="com.qa.TestCases.HomePageTest">
        <test-method status="PASS" signature="setup()[pri:0, instance:com.qa.TestCases.HomePageTest@32d2fa64]" name="setup" is-config="true" duration-ms="26720" started-at="2020-02-19T16:42:18 IST" finished-at="2020-02-19T16:42:45 IST">
          <reporter-output>
          </reporter-output>
        </test-method> <!-- setup -->
        <test-method status="PASS" signature="ClickOnContactsTest()[pri:0, instance:com.qa.TestCases.HomePageTest@32d2fa64]" name="ClickOnContactsTest" duration-ms="9818" started-at="2020-02-19T16:42:45 IST" finished-at="2020-02-19T16:42:55 IST">
          <reporter-output>
          </reporter-output>
        </test-method> <!-- ClickOnContactsTest -->
        <test-method status="PASS" signature="TearDown()[pri:0, instance:com.qa.TestCases.HomePageTest@32d2fa64]" name="TearDown" is-config="true" duration-ms="1091" started-at="2020-02-19T16:42:55 IST" finished-at="2020-02-19T16:42:56 IST">
          <reporter-output>
          </reporter-output>
        </test-method> <!-- TearDown -->
        <test-method status="PASS" signature="setup()[pri:0, instance:com.qa.TestCases.HomePageTest@32d2fa64]" name="setup" is-config="true" duration-ms="19182" started-at="2020-02-19T16:42:56 IST" finished-at="2020-02-19T16:43:15 IST">
          <reporter-output>
          </reporter-output>
        </test-method> <!-- setup -->
        <test-method status="PASS" signature="ClickOnDealsTest()[pri:0, instance:com.qa.TestCases.HomePageTest@32d2fa64]" name="ClickOnDealsTest" duration-ms="3616" started-at="2020-02-19T16:43:15 IST" finished-at="2020-02-19T16:43:19 IST">
          <reporter-output>
          </reporter-output>
        </test-method> <!-- ClickOnDealsTest -->
        <test-method status="PASS" signature="TearDown()[pri:0, instance:com.qa.TestCases.HomePageTest@32d2fa64]" name="TearDown" is-config="true" duration-ms="865" started-at="2020-02-19T16:43:19 IST" finished-at="2020-02-19T16:43:20 IST">
          <reporter-output>
          </reporter-output>
        </test-method> <!-- TearDown -->
      </class> <!-- com.qa.TestCases.HomePageTest -->
    </test> <!-- Default test -->
  </suite> <!-- Default suite -->
</testng-results>
