<?xml version="1.0" encoding="UTF-8"?>
<testng-results skipped="0" failed="0" ignored="0" total="1" passed="1">
  <reporter-output>
  </reporter-output>
  <suite name="Default suite" duration-ms="28518" started-at="2020-02-23T13:16:22 IST" finished-at="2020-02-23T13:16:51 IST">
    <groups>
    </groups>
    <test name="Default test" duration-ms="28518" started-at="2020-02-23T13:16:22 IST" finished-at="2020-02-23T13:16:51 IST">
      <class name="com.qa.TestCases.NewContactPageTest">
        <test-method status="PASS" signature="setup()[pri:0, instance:com.qa.TestCases.NewContactPageTest@467aecef]" name="setup" is-config="true" duration-ms="23355" started-at="2020-02-23T13:16:22 IST" finished-at="2020-02-23T13:16:46 IST">
          <reporter-output>
          </reporter-output>
        </test-method> <!-- setup -->
        <test-method status="PASS" signature="createcontact()[pri:0, instance:com.qa.TestCases.NewContactPageTest@467aecef]" name="createcontact" duration-ms="3383" started-at="2020-02-23T13:16:46 IST" finished-at="2020-02-23T13:16:49 IST">
          <reporter-output>
          </reporter-output>
        </test-method> <!-- createcontact -->
        <test-method status="PASS" signature="TearDown()[pri:0, instance:com.qa.TestCases.NewContactPageTest@467aecef]" name="TearDown" is-config="true" duration-ms="955" started-at="2020-02-23T13:16:50 IST" finished-at="2020-02-23T13:16:51 IST">
          <reporter-output>
          </reporter-output>
        </test-method> <!-- TearDown -->
      </class> <!-- com.qa.TestCases.NewContactPageTest -->
    </test> <!-- Default test -->
  </suite> <!-- Default suite -->
</testng-results>
