<?xml version="1.0" encoding="UTF-8"?>
<!-- Generated by org.testng.reporters.JUnitXMLReporter -->
<testsuite hostname="LAPTOP-73NV2MJQ" ignored="0" name="Free Crm Application Test" tests="4" failures="0" timestamp="2020-02-22T15:26:36 IST" time="96.976" errors="0">
  <testcase name="ClickOnContactsTest" time="3.31" classname="com.qa.TestCases.HomePageTest"/>
  <testcase name="ClickOnDealsTest" time="6.924" classname="com.qa.TestCases.HomePageTest"/>
  <testcase name="TitleTest" time="0.019" classname="com.qa.TestCases.LoginPageTest"/>
  <testcase name="loginTest" time="0.915" classname="com.qa.TestCases.LoginPageTest"/>
</testsuite> <!-- Free Crm Application Test -->
