<?xml version="1.0" encoding="UTF-8"?>
<!-- Generated by org.testng.reporters.JUnitXMLReporter -->
<testsuite hostname="LAPTOP-73NV2MJQ" ignored="0" name="Free Crm Application Test" tests="4" failures="0" timestamp="2020-02-14T17:05:42 IST" time="125.625" errors="0">
  <testcase name="ClickOnContactsTest" time="4.737" classname="com.qa.TestCases.HomePageTest"/>
  <testcase name="ClickOnDealsTest" time="20.451" classname="com.qa.TestCases.HomePageTest"/>
  <testcase name="TitleTest" time="0.031" classname="com.qa.TestCases.LoginPageTest"/>
  <testcase name="loginTest" time="0.939" classname="com.qa.TestCases.LoginPageTest"/>
</testsuite> <!-- Free Crm Application Test -->
